<?xml version="1.0" encoding="UTF-8"?>
<!-- Generated by org.testng.reporters.JUnitXMLReporter -->
<testsuite ignored="0" hostname="DESKTOP-KAD9UQS" failures="0" tests="6" name="ChromeBrowserTesting" time="9.087" errors="0" timestamp="2022-05-12T17:22:00 IST">
  <testcase classname="ParameterizationXml.PracticeRepete" name="crossbrowserTesting" time="8.549"/>
  <testcase classname="ParameterizationXml.PracticeRepete" name="VerifyCurrentUrl" time="0.058"/>
  <testcase classname="ParameterizationXml.PracticeRepete" name="VerifyPageTitle" time="0.036"/>
  <testcase classname="ParameterizationXml.PracticeRepete" name="VerifyUsernameField" time="0.194"/>
  <testcase classname="ParameterizationXml.PracticeRepete" name="VerifyPasswordField" time="0.129"/>
  <testcase classname="ParameterizationXml.PracticeRepete" name="ClickLoginButton" time="0.077"/>
</testsuite> <!-- ChromeBrowserTesting -->
