<?xml version="1.0" encoding="UTF-8"?>
<!-- Generated by org.testng.reporters.JUnitXMLReporter -->
<testsuite ignored="0" hostname="DESKTOP-KAD9UQS" failures="0" tests="6" name="FireFoxTesting" time="13.481" errors="0" timestamp="2022-05-12T17:22:04 IST">
  <testcase classname="ParameterizationXml.PracticeRepete" name="crossbrowserTesting" time="12.55"/>
  <testcase classname="ParameterizationXml.PracticeRepete" name="VerifyCurrentUrl" time="0.008"/>
  <testcase classname="ParameterizationXml.PracticeRepete" name="VerifyPageTitle" time="0.006"/>
  <testcase classname="ParameterizationXml.PracticeRepete" name="VerifyUsernameField" time="0.138"/>
  <testcase classname="ParameterizationXml.PracticeRepete" name="VerifyPasswordField" time="0.122"/>
  <testcase classname="ParameterizationXml.PracticeRepete" name="ClickLoginButton" time="0.617"/>
</testsuite> <!-- FireFoxTesting -->
