<?xml version="1.0" encoding="UTF-8"?>
<!-- Generated by org.testng.reporters.JUnitXMLReporter -->
<testsuite ignored="3" hostname="DESKTOP-KAD9UQS" failures="0" tests="6" name="RegressionTest" time="0.096" errors="0" timestamp="2022-05-06T17:33:09 IST">
  <testcase classname="GroupingInTestNG.TestCase1" name="Test1" time="0.006"/>
  <testcase classname="GroupingInTestNG.TestCase1" name="Test2" time="0.001"/>
  <testcase classname="GroupingInTestNG.Testcase2" name="Test4" time="0.005"/>
  <testcase classname="GroupingInTestNG.Testcase2" name="Test5" time="0.002"/>
  <testcase classname="GroupingInTestNG.TestCase3" name="Test7" time="0.002"/>
  <testcase classname="GroupingInTestNG.TestCase3" name="Test8" time="0.011"/>
  <testcase classname="GroupingInTestNG.TestCase1" name="Test3" time="0.0">
    <ignored/>
  </testcase> <!-- Test3 -->
  <testcase classname="GroupingInTestNG.Testcase2" name="Test6" time="0.0">
    <ignored/>
  </testcase> <!-- Test6 -->
  <testcase classname="GroupingInTestNG.TestCase3" name="Test9" time="0.0">
    <ignored/>
  </testcase> <!-- Test9 -->
</testsuite> <!-- RegressionTest -->
