<?xml version="1.0" encoding="UTF-8"?>
<!-- Generated by org.testng.reporters.JUnitXMLReporter -->
<testsuite ignored="0" hostname="DESKTOP-KAD9UQS" failures="0" tests="9" name="SmokeTest" time="0.105" errors="0" timestamp="2022-05-12T10:11:04 IST">
  <testcase classname="GroupingInTestNG.TestCase1" name="Test1" time="0.008"/>
  <testcase classname="GroupingInTestNG.TestCase1" name="Test2" time="0.002"/>
  <testcase classname="GroupingInTestNG.TestCase1" name="Test3" time="0.001"/>
  <testcase classname="GroupingInTestNG.Testcase2" name="Test4" time="0.002"/>
  <testcase classname="GroupingInTestNG.Testcase2" name="Test5" time="0.001"/>
  <testcase classname="GroupingInTestNG.Testcase2" name="Test6" time="0.002"/>
  <testcase classname="GroupingInTestNG.TestCase3" name="Test7" time="0.003"/>
  <testcase classname="GroupingInTestNG.TestCase3" name="Test8" time="0.001"/>
  <testcase classname="GroupingInTestNG.TestCase3" name="Test9" time="0.001"/>
</testsuite> <!-- SmokeTest -->
